<?xml version="1.0" encoding="UTF-8"?>
<testng-results ignored="0" total="1" passed="1" failed="0" skipped="0">
  <reporter-output>
  </reporter-output>
  <suite started-at="2025-09-21T18:12:12 IST" name="Default suite" finished-at="2025-09-21T18:12:19 IST" duration-ms="6588">
    <groups>
    </groups>
    <test started-at="2025-09-21T18:12:12 IST" name="Default test" finished-at="2025-09-21T18:12:19 IST" duration-ms="6588">
      <class name="testcases.RegisterTest">
        <test-method is-config="true" signature="setUp()[pri:0, instance:testcases.RegisterTest@62379589]" started-at="2025-09-21T18:12:12 IST" name="setUp" finished-at="2025-09-21T18:12:16 IST" duration-ms="3635" status="PASS">
          <reporter-output>
          </reporter-output>
        </test-method> <!-- setUp -->
        <test-method signature="testRegistration()[pri:0, instance:testcases.RegisterTest@62379589]" started-at="2025-09-21T18:12:16 IST" name="testRegistration" finished-at="2025-09-21T18:12:19 IST" duration-ms="2686" status="PASS">
          <reporter-output>
          </reporter-output>
        </test-method> <!-- testRegistration -->
        <test-method is-config="true" signature="tearDown()[pri:0, instance:testcases.RegisterTest@62379589]" started-at="2025-09-21T18:12:19 IST" name="tearDown" finished-at="2025-09-21T18:12:19 IST" duration-ms="212" status="PASS">
          <reporter-output>
          </reporter-output>
        </test-method> <!-- tearDown -->
      </class> <!-- testcases.RegisterTest -->
    </test> <!-- Default test -->
  </suite> <!-- Default suite -->
</testng-results>
